Running 'gradlew :app:bundleRelease' in /home/expo/workingdir/build/android
Downloading https://services.gradle.org/distributions/gradle-8.11.1-all.zip
10%.
20%.
30%.
40%.
50%.
60%.
70%.
80%.
90%.
100%
Welcome to Gradle 8.11.1!
Here are the highlights of this release:
 - Parallel load and store for Configuration Cache
- Java compilation errors at the end of the build output
 - Consolidated report for warnings and deprecations
For more details see https://docs.gradle.org/8.11.1/release-notes.html
To honour the JVM settings for this build a single-use Daemon process will be forked. For more on this, please refer to https://docs.gradle.org/8.11.1/userguide/gradle_daemon.html#sec:disabling_the_daemon in the Gradle documentation.
Daemon will be stopped at the end of the build
> Configure project :app
WARNING: Using flatDir should be avoided because it doesn't support any meta-data formats.
[Incubating] Problems report is available at: file:///home/expo/workingdir/build/android/build/reports/problems/problems-report.html
FAILURE: Build failed with an exception.
* Where:
Script '/home/expo/workingdir/build/android/app/capacitor.build.gradle' line: 10
* What went wrong:
A problem occurred evaluating script.
>
Could not read script '/home/expo/workingdir/build/android/capacitor-cordova-android-plugins/cordova.variables.gradle' as it does not exist.
* Try:
> Run with --stacktrace option to get the stack trace.
> Run with --info or --debug option to get more log output.
> Run with --scan to get full insights.
> Get more help at https://help.gradle.org.
BUILD FAILED in 30s
Deprecated Gradle features were used in this build, making it incompatible with Gradle 9.0.
You can use '--warning-mode all' to show the individual deprecation warnings and determine if they come from your own scripts or plugins.
For more on this, please refer to https://docs.gradle.org/8.11.1/userguide/command_line_interface.html#sec:command_line_warnings in the Gradle documentation.
Error: Gradle build failed with unknown error. See logs for the "Run gradlew" phase for more information.